<?xml version="1.0" encoding="UTF-8"?>
<!-- Generated by org.testng.reporters.JUnitXMLReporter -->
<testsuite ignored="0" hostname="ANISH-PC" failures="0" tests="7" name="Test_sequential" time="123.015" errors="0" timestamp="28 Feb 2024 12:00:19 GMT">
  <testcase classname="com.march28th.Dropdown" name="selectby_index" time="18.716"/>
  <testcase classname="com.march28th.Popup" name="alert_popup" time="14.495"/>
  <testcase classname="com.march28th.Screenshot" name="screenshot" time="19.982"/>
  <testcase classname="com.march28th.Windowhandles" name="single_window" time="20.177"/>
  <testcase classname="com.march28th.Mouse_actions" name="rightclick" time="15.299"/>
  <testcase classname="com.march28th.Locators" name="classname_locator" time="18.468"/>
  <testcase classname="com.march28th.Programs_basic" name="Browser_launch" time="15.802"/>
</testsuite> <!-- Test_sequential -->
