<?xml version="1.0" encoding="UTF-8"?>
<!-- Generated by org.testng.reporters.JUnitXMLReporter -->
<testsuite ignored="0" hostname="ANISH-PC" failures="0" tests="12" name="Firstruntestng" time="0.332" errors="0" timestamp="19 Feb 2024 14:28:26 GMT">
  <testcase classname="testng.priority2_testng" name="test1" time="0.018"/>
  <testcase classname="testng.Priority_testng" name="test1" time="0.01"/>
  <testcase classname="testng.priority2_testng" name="test3" time="0.022"/>
  <testcase classname="testng.Priority_testng" name="test3" time="0.025"/>
  <testcase classname="testng.priority2_testng" name="test2" time="0.015"/>
  <testcase classname="testng.priority2_testng" name="test2" time="0.01"/>
  <testcase classname="testng.priority2_testng" name="test2" time="0.017"/>
  <testcase classname="testng.priority2_testng" name="test2" time="0.011"/>
  <testcase classname="testng.Priority_testng" name="test2" time="0.005"/>
  <testcase classname="testng.Priority_testng" name="test2" time="0.004"/>
  <testcase classname="testng.Priority_testng" name="test2" time="0.001"/>
  <testcase classname="testng.Priority_testng" name="test2" time="0.005"/>
</testsuite> <!-- Firstruntestng -->
