<?xml version="1.0" encoding="UTF-8"?>
<!-- Generated by org.testng.reporters.JUnitXMLReporter -->
<testsuite ignored="0" hostname="ANISH-PC" failures="0" tests="14" name="Sequencetest" time="0.274" errors="0" timestamp="25 Feb 2024 06:09:56 GMT">
  <testcase classname="testng.Priority_testng" name="test1" time="0.031"/>
  <testcase classname="testng.Priority_testng" name="test1" time="0.019"/>
  <testcase classname="testng.Priority_testng" name="test1" time="0.019"/>
  <testcase classname="testng.priority2_testng" name="test1" time="0.003"/>
  <testcase classname="testng.Priority_testng" name="test3" time="0.004"/>
  <testcase classname="testng.priority2_testng" name="test3" time="0.005"/>
  <testcase classname="testng.Priority_testng" name="test2" time="0.006"/>
  <testcase classname="testng.Priority_testng" name="test2" time="0.01"/>
  <testcase classname="testng.Priority_testng" name="test2" time="0.009"/>
  <testcase classname="testng.Priority_testng" name="test2" time="0.002"/>
  <testcase classname="testng.priority2_testng" name="test2" time="0.002"/>
  <testcase classname="testng.priority2_testng" name="test2" time="0.003"/>
  <testcase classname="testng.priority2_testng" name="test2" time="0.004"/>
  <testcase classname="testng.priority2_testng" name="test2" time="0.012"/>
</testsuite> <!-- Sequencetest -->
